<?xml version="1.0" encoding="UTF-8"?>
<!-- Generated by org.testng.reporters.JUnitXMLReporter -->
<testsuite ignored="4" hostname="SatyaSahoo" failures="0" tests="1" name="Default test" time="15.898" errors="0" timestamp="2025-03-10T00:50:51 IST">
  <testcase classname="Tests.UserDropdownTab" name="userDropdownSupportElementValidation" time="2.508"/>
  <testcase classname="Tests.UserDropdownTab" name="userDropdownchangePasswordElementValidation" time="0.0">
    <ignored/>
  </testcase> <!-- userDropdownchangePasswordElementValidation -->
  <testcase classname="Tests.UserDropdownTab" name="userDropdownLogoutElementValidation" time="0.0">
    <ignored/>
  </testcase> <!-- userDropdownLogoutElementValidation -->
  <testcase classname="Tests.UserDropdownTab" name="UserDropdownListValidation" time="0.0">
    <ignored/>
  </testcase> <!-- UserDropdownListValidation -->
  <testcase classname="Tests.UserDropdownTab" name="userDropdownAboutElementValidation" time="0.0">
    <ignored/>
  </testcase> <!-- userDropdownAboutElementValidation -->
</testsuite> <!-- Default test -->
