<?xml version="1.0" encoding="UTF-8"?>
<!-- Generated by org.testng.reporters.JUnitXMLReporter -->
<testsuite ignored="2" hostname="SatyaSahoo" failures="0" tests="0" name="Test Chrome" time="4.609" errors="0" timestamp="2025-04-07T23:09:57 IST">
  <testcase classname="Tests.LoginPageTests" name="loginValidationInvalid" time="0.0">
    <ignored/>
  </testcase> <!-- loginValidationInvalid -->
  <testcase classname="Tests.LoginPageTests" name="loginWithBlankUserID" time="0.0">
    <ignored/>
  </testcase> <!-- loginWithBlankUserID -->
</testsuite> <!-- Test Chrome -->
