<?xml version="1.0" encoding="UTF-8"?>
<testng-results ignored="4" total="5" passed="1" failed="0" skipped="0">
  <reporter-output>
  </reporter-output>
  <suite started-at="2025-03-10T00:50:35 IST" name="Default suite" finished-at="2025-03-10T00:50:51 IST" duration-ms="15898">
    <groups>
      <group name="UserDropdown">
        <method signature="UserDropdownTab.userDropdownSupportElementValidation()[pri:0, instance:Tests.UserDropdownTab@6a78afa0]" name="userDropdownSupportElementValidation" class="Tests.UserDropdownTab"/>
      </group> <!-- UserDropdown -->
    </groups>
    <test started-at="2025-03-10T00:50:35 IST" name="Default test" finished-at="2025-03-10T00:50:51 IST" duration-ms="15898">
      <class name="Tests.UserDropdownTab">
        <test-method is-config="true" signature="launchApplication()[pri:0, instance:Tests.UserDropdownTab@6a78afa0]" started-at="2025-03-10T00:50:35 IST" name="launchApplication" finished-at="2025-03-10T00:50:45 IST" duration-ms="9943" status="PASS">
          <reporter-output>
          </reporter-output>
        </test-method> <!-- launchApplication -->
        <test-method is-config="true" signature="prerequisites()[pri:0, instance:Tests.UserDropdownTab@6a78afa0]" started-at="2025-03-10T00:50:45 IST" name="prerequisites" finished-at="2025-03-10T00:50:48 IST" duration-ms="3301" status="PASS">
          <reporter-output>
          </reporter-output>
        </test-method> <!-- prerequisites -->
        <test-method signature="userDropdownSupportElementValidation()[pri:0, instance:Tests.UserDropdownTab@6a78afa0]" started-at="2025-03-10T00:50:48 IST" name="userDropdownSupportElementValidation" description="Verify the Support tab in the user dropdown" finished-at="2025-03-10T00:50:50 IST" duration-ms="2508" status="PASS">
          <reporter-output>
          </reporter-output>
        </test-method> <!-- userDropdownSupportElementValidation -->
        <test-method is-config="true" signature="closeBrowser()[pri:0, instance:Tests.UserDropdownTab@6a78afa0]" started-at="2025-03-10T00:50:50 IST" name="closeBrowser" finished-at="2025-03-10T00:50:51 IST" duration-ms="101" status="PASS">
          <reporter-output>
          </reporter-output>
        </test-method> <!-- closeBrowser -->
      </class> <!-- Tests.UserDropdownTab -->
    </test> <!-- Default test -->
  </suite> <!-- Default suite -->
</testng-results>
